Filename is nil (missing graphic).

008_AnimatedBitmap.rb:6:in `initialize'
[Essentials Deluxe] Species Files.rb:545:in `new'
[Essentials Deluxe] Species Files.rb:545:in `pokemon='
003_Pokemon_Sprites.rb:97:in `initialize'
005_UI_Party.rb:214:in `new'
005_UI_Party.rb:214:in `initialize'
[Enhanced UI] [001] Pokemon UI.rb:216:in `initialize'
005_UI_Party.rb:511:in `new'
005_UI_Party.rb:511:in `block in pbStartScene'
005_UI_Party.rb:509:in `times'
005_UI_Party.rb:509:in `pbStartScene'
[Essentials Deluxe] Miscellaneous.rb:213:in `pbPokemonScreen'
001_UI_PauseMenu.rb:176:in `block (3 levels) in load_scripts_from_folder'
002_MessageConfig.rb:570:in `pbFadeOutIn'
001_UI_PauseMenu.rb:173:in `block (2 levels) in load_scripts_from_folder'
001_UI_PauseMenu.rb:124:in `block in pbStartPokemonMenu'
001_UI_PauseMenu.rb:117:in `loop'
001_UI_PauseMenu.rb:117:in `pbStartPokemonMenu'
[Map Zoom] Map Zoom.rb:114:in `call_menu'
[Following Pokemon EX] Refresh.rb:122:in `call_menu'
002_Scene_Map.rb:210:in `update'
[Following Pokemon EX] Refresh.rb:178:in `update'
[v20.1 Hotfixes] Overworld bug fixes.rb:28:in `block in main'
[v20.1 Hotfixes] Overworld bug fixes.rb:25:in `loop'
[v20.1 Hotfixes] Overworld bug fixes.rb:25:in `main'
999_Main.rb:35:in `mainFunctionDebug'
999_Main.rb:20:in `mainFunction'
999_Main.rb:45:in `block (2 levels) in load_scripts_from_folder'
999_Main.rb:44:in `loop'
999_Main.rb:44:in `block in load_scripts_from_folder'
Section000:31:in `eval'
Section000:31:in `block in load_scripts_from_folder'
Section000:28:in `each'
Section000:28:in `load_scripts_from_folder'
Section000:41:in `block in load_scripts_from_folder'
Section000:40:in `each'
Section000:40:in `load_scripts_from_folder'
Section000:45:in `<main>'
-e:in `eval'